<?xml version="1.0" encoding="UTF-8"?>
<!-- Generated by org.testng.reporters.JUnitReportReporter -->
<testsuite hostname="DESKTOP-4HK3TJJ" name="Runner.TestRunner" tests="2" failures="0" timestamp="10 Nov 2019 08:45:43 GMT" time="86.298" errors="0">
  <testcase name="feature" time="51.484" classname="Runner.TestRunner"/>
  <testcase name="feature" time="34.814" classname="Runner.TestRunner"/>
</testsuite> <!-- Runner.TestRunner -->
